<?xml version="1.0" encoding="UTF-8"?>
<testsuite name="MainTest" tests="1" skipped="0" failures="0" errors="0" timestamp="2025-02-18T23:06:19" hostname="DESKTOP-QIIQ3VK" time="0.019">
  <properties/>
  <testcase name="sampleTest()" classname="MainTest" time="0.019"/>
  <system-out><![CDATA[]]></system-out>
  <system-err><![CDATA[]]></system-err>
</testsuite>
